<?xml version="1.0" encoding="UTF-8"?>
<!-- Generated by org.testng.reporters.JUnitXMLReporter -->
<testsuite hostname="DESKTOP-RVTGE37" name="Test" tests="4" failures="0" timestamp="31 Dec 2019 13:07:34 GMT" time="0.062" errors="0">
  <testcase name="insert" time="0.027" classname="Groups.TestNGDependencyExample"/>
  <testcase name="select" time="0.001" classname="Groups.TestNGDependencyExample"/>
  <testcase name="update" time="0.002" classname="Groups.TestNGDependencyExample"/>
  <testcase name="delete" time="0.001" classname="Groups.TestNGDependencyExample"/>
</testsuite> <!-- Test -->
