<?xml version="1.0" encoding="UTF-8"?>
<!-- Generated by org.testng.reporters.JUnitXMLReporter -->
<testsuite hostname="RACD-002157" name="Cross browser test for FlightTicketsSearch" tests="1" failures="0" timestamp="7 Jun 2019 10:20:24 GMT" time="0.021" errors="0">
  <testcase name="@BeforeTest OpenBrowser" time="0.0" classname="TestClass.CrossBrowserTest_FlightTicketsSearch">
    <failure type="org.testng.TestNGException" message="
Parameter &amp;apos;HeadLessYes&amp;apos; is required by @Configuration on method OpenBrowser but has not been marked @Optional or defined
in C:\Users\dheeraj.singh\eclipse-workspace\TripiFlights\CrossBrowserTest_FlightTicketsSearch_testng.xml">
      <![CDATA[org.testng.TestNGException: 
Parameter 'HeadLessYes' is required by @Configuration on method OpenBrowser but has not been marked @Optional or defined
in C:\Users\dheeraj.singh\eclipse-workspace\TripiFlights\CrossBrowserTest_FlightTicketsSearch_testng.xml
... Removed 19 stack frames]]>
    </failure>
  </testcase> <!-- @BeforeTest OpenBrowser -->
  <testcase name="@BeforeMethod CreateReport" time="0.0" classname="TestClass.CrossBrowserTest_FlightTicketsSearch">
    <skipped/>
  </testcase> <!-- @BeforeMethod CreateReport -->
  <testcase name="@AfterMethod GetReportResult" time="0.0" classname="TestClass.CrossBrowserTest_FlightTicketsSearch">
    <skipped/>
  </testcase> <!-- @AfterMethod GetReportResult -->
  <testcase name="@AfterTest TearDownApplication" time="0.0" classname="TestClass.CrossBrowserTest_FlightTicketsSearch">
    <skipped/>
  </testcase> <!-- @AfterTest TearDownApplication -->
  <testcase name="SearchTickets" time="0.001" classname="TestClass.CrossBrowserTest_FlightTicketsSearch">
    <skipped/>
  </testcase> <!-- SearchTickets -->
</testsuite> <!-- Cross browser test for FlightTicketsSearch -->
