<?xml version="1.0" encoding="UTF-8"?>
<testng-results skipped="0" failed="0" total="1" passed="1">
  <reporter-output>
  </reporter-output>
  <suite name="IncludeTest" duration-ms="63" started-at="2019-12-31T13:28:50Z" finished-at="2019-12-31T13:28:50Z">
    <groups>
    </groups>
    <test name="IncludeTest" duration-ms="63" started-at="2019-12-31T13:28:50Z" finished-at="2019-12-31T13:28:50Z">
      <class name="Groups.IncludeTest">
        <test-method status="PASS" signature="insert()[pri:0, instance:Groups.IncludeTest@43a25848]" name="insert" duration-ms="33" started-at="2019-12-31T18:58:50Z" finished-at="2019-12-31T18:58:50Z">
          <reporter-output>
          </reporter-output>
        </test-method> <!-- insert -->
      </class> <!-- Groups.IncludeTest -->
    </test> <!-- IncludeTest -->
  </suite> <!-- IncludeTest -->
</testng-results>
