<?xml version="1.0" encoding="UTF-8"?>
<testng-results skipped="1" failed="0" total="1" passed="0">
  <reporter-output>
  </reporter-output>
  <suite name="Cross browser test for FlightTicketsSearch" duration-ms="21" started-at="2019-06-10T06:40:48Z" finished-at="2019-06-10T06:40:48Z">
    <groups>
    </groups>
    <test name="Cross browser test for FlightTicketsSearch" duration-ms="21" started-at="2019-06-10T06:40:48Z" finished-at="2019-06-10T06:40:48Z">
      <class name="TestClass.CrossBrowserTest_FlightTicketsSearch">
        <test-method status="PASS" signature="InitializingExtenReports()[pri:0, instance:TestClass.CrossBrowserTest_FlightTicketsSearch@589838eb]" name="InitializingExtenReports" is-config="true" duration-ms="154" started-at="2019-06-10T12:10:48Z" finished-at="2019-06-10T12:10:48Z">
          <reporter-output>
          </reporter-output>
        </test-method> <!-- InitializingExtenReports -->
        <test-method status="FAIL" signature="OpenBrowser(java.lang.String, java.lang.String)[pri:0, instance:TestClass.CrossBrowserTest_FlightTicketsSearch@589838eb]" name="OpenBrowser" is-config="true" duration-ms="0" started-at="2019-06-10T12:10:48Z" finished-at="2019-06-10T12:10:48Z">
          <exception class="org.testng.TestNGException">
            <message>
              <![CDATA[
Parameter 'HeadLessYes' is required by @Configuration on method OpenBrowser but has not been marked @Optional or defined
in C:\Users\dheeraj.singh\eclipse-workspace\TripiFlights\CrossBrowserTest_FlightTicketsSearch_testng.xml]]>
            </message>
            <full-stacktrace>
              <![CDATA[org.testng.TestNGException: 
Parameter 'HeadLessYes' is required by @Configuration on method OpenBrowser but has not been marked @Optional or defined
in C:\Users\dheeraj.singh\eclipse-workspace\TripiFlights\CrossBrowserTest_FlightTicketsSearch_testng.xml
	at org.testng.internal.Parameters.createParameters(Parameters.java:155)
	at org.testng.internal.Parameters.createParameters(Parameters.java:355)
	at org.testng.internal.Parameters.createConfigurationParameters(Parameters.java:86)
	at org.testng.internal.Invoker.invokeConfigurations(Invoker.java:199)
	at org.testng.internal.Invoker.invokeConfigurations(Invoker.java:138)
	at org.testng.TestRunner.beforeRun(TestRunner.java:641)
	at org.testng.TestRunner.run(TestRunner.java:609)
	at org.testng.SuiteRunner.runTest(SuiteRunner.java:334)
	at org.testng.SuiteRunner.runSequentially(SuiteRunner.java:329)
	at org.testng.SuiteRunner.privateRun(SuiteRunner.java:291)
	at org.testng.SuiteRunner.run(SuiteRunner.java:240)
	at org.testng.SuiteRunnerWorker.runSuite(SuiteRunnerWorker.java:52)
	at org.testng.SuiteRunnerWorker.run(SuiteRunnerWorker.java:86)
	at org.testng.TestNG.runSuitesSequentially(TestNG.java:1198)
	at org.testng.TestNG.runSuitesLocally(TestNG.java:1123)
	at org.testng.TestNG.run(TestNG.java:1031)
	at org.testng.remote.AbstractRemoteTestNG.run(AbstractRemoteTestNG.java:115)
	at org.testng.remote.RemoteTestNG.initAndRun(RemoteTestNG.java:251)
	at org.testng.remote.RemoteTestNG.main(RemoteTestNG.java:77)
]]>
            </full-stacktrace>
          </exception> <!-- org.testng.TestNGException -->
          <reporter-output>
          </reporter-output>
        </test-method> <!-- OpenBrowser -->
        <test-method status="SKIP" signature="CreateReport(java.lang.reflect.Method)[pri:0, instance:TestClass.CrossBrowserTest_FlightTicketsSearch@589838eb]" name="CreateReport" is-config="true" duration-ms="0" started-at="2019-06-10T12:10:48Z" finished-at="2019-06-10T12:10:48Z">
          <reporter-output>
          </reporter-output>
        </test-method> <!-- CreateReport -->
        <test-method status="SKIP" signature="SearchTickets()[pri:0, instance:TestClass.CrossBrowserTest_FlightTicketsSearch@589838eb]" name="SearchTickets" duration-ms="2" started-at="2019-06-10T12:10:48Z" finished-at="2019-06-10T12:10:48Z">
          <reporter-output>
          </reporter-output>
        </test-method> <!-- SearchTickets -->
        <test-method status="SKIP" signature="GetReportResult(org.testng.ITestResult)[pri:0, instance:TestClass.CrossBrowserTest_FlightTicketsSearch@589838eb]" name="GetReportResult" is-config="true" duration-ms="0" started-at="2019-06-10T12:10:48Z" finished-at="2019-06-10T12:10:48Z">
          <reporter-output>
          </reporter-output>
        </test-method> <!-- GetReportResult -->
        <test-method status="SKIP" signature="TearDownApplication()[pri:0, instance:TestClass.CrossBrowserTest_FlightTicketsSearch@589838eb]" name="TearDownApplication" is-config="true" duration-ms="0" started-at="2019-06-10T12:10:48Z" finished-at="2019-06-10T12:10:48Z">
          <reporter-output>
          </reporter-output>
        </test-method> <!-- TearDownApplication -->
        <test-method status="SKIP" signature="FlushingExtentReports()[pri:0, instance:TestClass.CrossBrowserTest_FlightTicketsSearch@589838eb]" name="FlushingExtentReports" is-config="true" duration-ms="0" started-at="2019-06-10T12:10:48Z" finished-at="2019-06-10T12:10:48Z">
          <reporter-output>
          </reporter-output>
        </test-method> <!-- FlushingExtentReports -->
      </class> <!-- TestClass.CrossBrowserTest_FlightTicketsSearch -->
    </test> <!-- Cross browser test for FlightTicketsSearch -->
  </suite> <!-- Cross browser test for FlightTicketsSearch -->
</testng-results>
